Using pre-set license
Built from '2020.3/support/zd130524' branch; Version is '2020.3.36f1 (71f96b79b9f0) revision 7469419'; Using compiler version '192528614'; Build Type 'Release'
OS: 'Windows 10  (10.0.19045) 64bit Professional' Language: 'ko' Physical Memory: 15761 MB
BatchMode: 1, IsHumanControllingUs: 0, StartBugReporterOnCrash: 0, Is64bit: 1, IsPro: 0

COMMAND LINE ARGUMENTS:
C:\Program Files\Unity\Hub\Editor\2020.3.36f1\Editor\Unity.exe
-adb2
-batchMode
-noUpm
-name
AssetImportWorker1
-projectPath
C:/Users/KGA/Desktop/Meta7_Unity/3D/TeamProject_CH2
-logFile
Logs/AssetImportWorker1.log
-srvPort
50413
Successfully changed project path to: C:/Users/KGA/Desktop/Meta7_Unity/3D/TeamProject_CH2
C:/Users/KGA/Desktop/Meta7_Unity/3D/TeamProject_CH2
Using Asset Import Pipeline V2.
Refreshing native plugins compatible for Editor in 39.74 ms, found 2 plugins.
Preloading 0 native plugins for Editor in 0.00 ms.
Initialize engine version: 2020.3.36f1 (71f96b79b9f0)
[Subsystems] Discovering subsystems at path C:/Program Files/Unity/Hub/Editor/2020.3.36f1/Editor/Data/Resources/UnitySubsystems
[Subsystems] Discovering subsystems at path C:/Users/KGA/Desktop/Meta7_Unity/3D/TeamProject_CH2/Assets
GfxDevice: creating device client; threaded=0
Direct3D:
    Version:  Direct3D 11.0 [level 11.1]
    Renderer: AMD Radeon(TM) Graphics (ID=0x1638)
    Vendor:   
    VRAM:     7880 MB
    Driver:   31.0.12002.92
Initialize mono
Mono path[0] = 'C:/Program Files/Unity/Hub/Editor/2020.3.36f1/Editor/Data/Managed'
Mono path[1] = 'C:/Program Files/Unity/Hub/Editor/2020.3.36f1/Editor/Data/MonoBleedingEdge/lib/mono/unityjit'
Mono config path = 'C:/Program Files/Unity/Hub/Editor/2020.3.36f1/Editor/Data/MonoBleedingEdge/etc'
Using monoOptions --debugger-agent=transport=dt_socket,embedding=1,server=y,suspend=n,address=127.0.0.1:56800
Begin MonoManager ReloadAssembly
Registering precompiled unity dll's ...
Register platform support module: C:/Program Files/Unity/Hub/Editor/2020.3.36f1/Editor/Data/PlaybackEngines/WindowsStandaloneSupport/UnityEditor.WindowsStandalone.Extensions.dll
Registered in 0.001389 seconds.
Native extension for WindowsStandalone target not found
Refreshing native plugins compatible for Editor in 38.99 ms, found 2 plugins.
Preloading 0 native plugins for Editor in 0.00 ms.
Mono: successfully reloaded assembly
- Completed reload, in  0.428 seconds
Domain Reload Profiling:
	ReloadAssembly (428ms)
		BeginReloadAssembly (55ms)
			ExecutionOrderSort (0ms)
			DisableScriptedObjects (0ms)
			BackupInstance (0ms)
			ReleaseScriptingObjects (0ms)
			CreateAndSetChildDomain (1ms)
		EndReloadAssembly (322ms)
			LoadAssemblies (53ms)
			RebuildTransferFunctionScriptingTraits (0ms)
			SetupTypeCache (93ms)
			ReleaseScriptCaches (0ms)
			RebuildScriptCaches (19ms)
			SetupLoadedEditorAssemblies (136ms)
				LogAssemblyErrors (0ms)
				InitializePlatformSupportModulesInManaged (3ms)
				SetLoadedEditorAssemblies (0ms)
				RefreshPlugins (39ms)
				BeforeProcessingInitializeOnLoad (13ms)
				ProcessInitializeOnLoadAttributes (56ms)
				ProcessInitializeOnLoadMethodAttributes (25ms)
				AfterProcessingInitializeOnLoad (0ms)
				EditorAssembliesLoaded (0ms)
			ExecutionOrderSort2 (0ms)
			AwakeInstancesAfterBackupRestoration (0ms)
Platform modules already initialized, skipping
Registering precompiled user dll's ...
Registered in 0.004864 seconds.
Begin MonoManager ReloadAssembly
Native extension for WindowsStandalone target not found
Refreshing native plugins compatible for Editor in 39.88 ms, found 2 plugins.
Preloading 0 native plugins for Editor in 0.00 ms.
Mono: successfully reloaded assembly
- Completed reload, in  0.795 seconds
Domain Reload Profiling:
	ReloadAssembly (795ms)
		BeginReloadAssembly (102ms)
			ExecutionOrderSort (0ms)
			DisableScriptedObjects (3ms)
			BackupInstance (0ms)
			ReleaseScriptingObjects (0ms)
			CreateAndSetChildDomain (15ms)
		EndReloadAssembly (651ms)
			LoadAssemblies (71ms)
			RebuildTransferFunctionScriptingTraits (0ms)
			SetupTypeCache (211ms)
			ReleaseScriptCaches (0ms)
			RebuildScriptCaches (32ms)
			SetupLoadedEditorAssemblies (261ms)
				LogAssemblyErrors (0ms)
				InitializePlatformSupportModulesInManaged (3ms)
				SetLoadedEditorAssemblies (0ms)
				RefreshPlugins (40ms)
				BeforeProcessingInitializeOnLoad (66ms)
				ProcessInitializeOnLoadAttributes (137ms)
				ProcessInitializeOnLoadMethodAttributes (10ms)
				AfterProcessingInitializeOnLoad (5ms)
				EditorAssembliesLoaded (0ms)
			ExecutionOrderSort2 (0ms)
			AwakeInstancesAfterBackupRestoration (1ms)
Platform modules already initialized, skipping
========================================================================
Worker process is ready to serve import requests
Launched and connected shader compiler UnityShaderCompiler.exe after 0.03 seconds
Refreshing native plugins compatible for Editor in 0.54 ms, found 2 plugins.
Preloading 0 native plugins for Editor in 0.00 ms.
Unloading 2831 Unused Serialized files (Serialized files now loaded: 0)
System memory in use before: 199.9 MB.
System memory in use after: 200.1 MB.

Unloading 26 unused Assets to reduce memory usage. Loaded Objects now: 3261.
Total: 2.504200 ms (FindLiveObjects: 0.206500 ms CreateObjectMapping: 0.076700 ms MarkObjects: 2.132500 ms  DeleteObjects: 0.087400 ms)

AssetImportParameters requested are different than current active one (requested -> active):
  custom:framework-win-MediaFoundation: 216162199b28c13a410421893ffa2e32 -> 
  custom:video-decoder-ogg-theora: a1e56fd34408186e4bbccfd4996cb3dc -> 
  custom:container-muxer-webm: aa71ff27fc2769a1b78a27578f13a17b -> 
  custom:container-demuxer-webm: 4f35f7cbe854078d1ac9338744f61a02 -> 
  custom:container-demuxer-ogg: 62fdf1f143b41e24485cea50d1cbac27 -> 
  custom:video-encoder-webm-vp8: eb34c28f22e8b96e1ab97ce403110664 -> 
  custom:video-decoder-webm-vp8: 9c59270c3fd7afecdb556c50c9e8de78 -> 
  custom:audio-decoder-ogg-vorbis: bf7c407c2cedff20999df2af8eb42d56 -> 
  custom:audio-encoder-webm-vorbis: bf7c407c2cedff20999df2af8eb42d56 -> 
========================================================================
Received Import Request.
  path: Assets/Hunter/Animations/Movement/Baseball Idle.fbx
  artifactKey: Guid(e65a8c773d1e682478ecadf45c911a08) Importer(815301076,1909f56bfc062723c751e8b465ee728b)
Start importing Assets/Hunter/Animations/Movement/Baseball Idle.fbx using Guid(e65a8c773d1e682478ecadf45c911a08) Importer(815301076,1909f56bfc062723c751e8b465ee728b)  -> (artifact id: '41e4ab5cba895e23dd61b416b78dac0c') in 0.270869 seconds 
========================================================================
Received Import Request.
  Time since last request: 36.679074 seconds.
  path: Assets/UrsaAnimation/LOW POLY CUBIC - Goat and Sheep Pack/Animation/Goat&Sheep/GoatSheep_Attack01.fbx
  artifactKey: Guid(2195d9e1ab5c3f54a84283a7ece93ab5) Importer(815301076,1909f56bfc062723c751e8b465ee728b)
Start importing Assets/UrsaAnimation/LOW POLY CUBIC - Goat and Sheep Pack/Animation/Goat&Sheep/GoatSheep_Attack01.fbx using Guid(2195d9e1ab5c3f54a84283a7ece93ab5) Importer(815301076,1909f56bfc062723c751e8b465ee728b)  -> (artifact id: '7e1af4aa40a76b1c2b341304eda1fef6') in 0.016554 seconds 
========================================================================
Received Import Request.
  Time since last request: 0.000128 seconds.
  path: Assets/UrsaAnimation/LOW POLY CUBIC - Goat and Sheep Pack/Animation/Goat&Sheep/Additive/GoatSheep_Eyes_Blink.fbx
  artifactKey: Guid(e44d74e2a421a234a8dd8e678e05902e) Importer(815301076,1909f56bfc062723c751e8b465ee728b)
Start importing Assets/UrsaAnimation/LOW POLY CUBIC - Goat and Sheep Pack/Animation/Goat&Sheep/Additive/GoatSheep_Eyes_Blink.fbx using Guid(e44d74e2a421a234a8dd8e678e05902e) Importer(815301076,1909f56bfc062723c751e8b465ee728b)  -> (artifact id: 'f4c5913a52d66e7b7496ae6310753147') in 0.016229 seconds 
========================================================================
Received Import Request.
  Time since last request: 0.000118 seconds.
  path: Assets/UrsaAnimation/LOW POLY CUBIC - Goat and Sheep Pack/Animation/Goat&Sheep/GoatSheep_Death.fbx
  artifactKey: Guid(75d8250dcd76b5c4585ac0f6e52b941a) Importer(815301076,1909f56bfc062723c751e8b465ee728b)
Start importing Assets/UrsaAnimation/LOW POLY CUBIC - Goat and Sheep Pack/Animation/Goat&Sheep/GoatSheep_Death.fbx using Guid(75d8250dcd76b5c4585ac0f6e52b941a) Importer(815301076,1909f56bfc062723c751e8b465ee728b)  -> (artifact id: '8f572b10566dcfec2a8e744b1071f3f3') in 0.016511 seconds 
========================================================================
Received Import Request.
  Time since last request: 0.000134 seconds.
  path: Assets/UrsaAnimation/LOW POLY CUBIC - Goat and Sheep Pack/Animation/Goat&Sheep/GoatSheep_Eating.fbx
  artifactKey: Guid(eca8aca02bcec1f48966bd55075ee445) Importer(815301076,1909f56bfc062723c751e8b465ee728b)
Start importing Assets/UrsaAnimation/LOW POLY CUBIC - Goat and Sheep Pack/Animation/Goat&Sheep/GoatSheep_Eating.fbx using Guid(eca8aca02bcec1f48966bd55075ee445) Importer(815301076,1909f56bfc062723c751e8b465ee728b)  -> (artifact id: '2284430d3de03cd85daa37a29773e1d5') in 0.018104 seconds 
========================================================================
Received Import Request.
  Time since last request: 0.284209 seconds.
  path: Assets/UrsaAnimation/LOW POLY CUBIC - Goat and Sheep Pack/Animation/Goat&Sheep/GoatSheep_Hit_Reaction.fbx
  artifactKey: Guid(831240f18fe8d9a488c354036ca5f045) Importer(815301076,1909f56bfc062723c751e8b465ee728b)
Start importing Assets/UrsaAnimation/LOW POLY CUBIC - Goat and Sheep Pack/Animation/Goat&Sheep/GoatSheep_Hit_Reaction.fbx using Guid(831240f18fe8d9a488c354036ca5f045) Importer(815301076,1909f56bfc062723c751e8b465ee728b)  -> (artifact id: '4f82b6e1b89fa2bad541fffe167a48ce') in 0.015763 seconds 
========================================================================
Received Import Request.
  Time since last request: 0.000107 seconds.
  path: Assets/UrsaAnimation/LOW POLY CUBIC - Goat and Sheep Pack/Animation/Goat&Sheep/GoatSheep_Idle_Variation.fbx
  artifactKey: Guid(b4db6fab728ed814aaf915627ca50e74) Importer(815301076,1909f56bfc062723c751e8b465ee728b)
Start importing Assets/UrsaAnimation/LOW POLY CUBIC - Goat and Sheep Pack/Animation/Goat&Sheep/GoatSheep_Idle_Variation.fbx using Guid(b4db6fab728ed814aaf915627ca50e74) Importer(815301076,1909f56bfc062723c751e8b465ee728b)  -> (artifact id: 'bd05096247cf30c38e6dc9d1ca83b236') in 0.018242 seconds 
========================================================================
Received Import Request.
  Time since last request: 0.000147 seconds.
  path: Assets/UrsaAnimation/LOW POLY CUBIC - Goat and Sheep Pack/Animation/Goat&Sheep/GoatSheep_Idle.fbx
  artifactKey: Guid(3a096d745469e9c44a64830c8e398881) Importer(815301076,1909f56bfc062723c751e8b465ee728b)
Start importing Assets/UrsaAnimation/LOW POLY CUBIC - Goat and Sheep Pack/Animation/Goat&Sheep/GoatSheep_Idle.fbx using Guid(3a096d745469e9c44a64830c8e398881) Importer(815301076,1909f56bfc062723c751e8b465ee728b)  -> (artifact id: '9e23ac7a917fd72548f2c0d4c1dcdeff') in 0.017498 seconds 
========================================================================
Received Import Request.
  Time since last request: 0.000133 seconds.
  path: Assets/UrsaAnimation/LOW POLY CUBIC - Goat and Sheep Pack/Animation/Goat&Sheep/GoatSheep_Run_Forward.fbx
  artifactKey: Guid(488c03491053eaf4a80e80ffa94eba16) Importer(815301076,1909f56bfc062723c751e8b465ee728b)
Start importing Assets/UrsaAnimation/LOW POLY CUBIC - Goat and Sheep Pack/Animation/Goat&Sheep/GoatSheep_Run_Forward.fbx using Guid(488c03491053eaf4a80e80ffa94eba16) Importer(815301076,1909f56bfc062723c751e8b465ee728b)  -> (artifact id: '751e415e376ad2fb9cc9bf4e2dca6994') in 0.017619 seconds 
========================================================================
Received Import Request.
  Time since last request: 0.000113 seconds.
  path: Assets/UrsaAnimation/LOW POLY CUBIC - Goat and Sheep Pack/Animation/Goat&Sheep/RootMotion/GoatSheep_Run_Forward_RM.fbx
  artifactKey: Guid(a52ce8bbc2bad69488c22d5dac6ae565) Importer(815301076,1909f56bfc062723c751e8b465ee728b)
Start importing Assets/UrsaAnimation/LOW POLY CUBIC - Goat and Sheep Pack/Animation/Goat&Sheep/RootMotion/GoatSheep_Run_Forward_RM.fbx using Guid(a52ce8bbc2bad69488c22d5dac6ae565) Importer(815301076,1909f56bfc062723c751e8b465ee728b)  -> (artifact id: 'f20ebca5c1535777ca1f8261eb7aeb2c') in 0.016708 seconds 
========================================================================
Received Import Request.
  Time since last request: 0.000136 seconds.
  path: Assets/UrsaAnimation/LOW POLY CUBIC - Goat and Sheep Pack/Animation/Goat&Sheep/GoatSheep_Shuffle_L.fbx
  artifactKey: Guid(df3af5747d531304e89c20324a6ef018) Importer(815301076,1909f56bfc062723c751e8b465ee728b)
Start importing Assets/UrsaAnimation/LOW POLY CUBIC - Goat and Sheep Pack/Animation/Goat&Sheep/GoatSheep_Shuffle_L.fbx using Guid(df3af5747d531304e89c20324a6ef018) Importer(815301076,1909f56bfc062723c751e8b465ee728b)  -> (artifact id: '1e5ee7927206d39bc00da9b20bf70897') in 0.016886 seconds 
========================================================================
Received Import Request.
  Time since last request: 0.202789 seconds.
  path: Assets/UrsaAnimation/LOW POLY CUBIC - Goat and Sheep Pack/Animation/Goat&Sheep/GoatSheep_Shuffle_R.fbx
  artifactKey: Guid(d681849af56b3394bb275ff7f9c69313) Importer(815301076,1909f56bfc062723c751e8b465ee728b)
Start importing Assets/UrsaAnimation/LOW POLY CUBIC - Goat and Sheep Pack/Animation/Goat&Sheep/GoatSheep_Shuffle_R.fbx using Guid(d681849af56b3394bb275ff7f9c69313) Importer(815301076,1909f56bfc062723c751e8b465ee728b)  -> (artifact id: '1dd6d8f2d92b5c7466865b53faee271e') in 0.015461 seconds 
========================================================================
Received Import Request.
  Time since last request: 0.000139 seconds.
  path: Assets/UrsaAnimation/LOW POLY CUBIC - Goat and Sheep Pack/Animation/Goat&Sheep/GoatSheep_Sit_to_Stand.fbx
  artifactKey: Guid(652e40a0bdd7f8042a17f933cdd49666) Importer(815301076,1909f56bfc062723c751e8b465ee728b)
Start importing Assets/UrsaAnimation/LOW POLY CUBIC - Goat and Sheep Pack/Animation/Goat&Sheep/GoatSheep_Sit_to_Stand.fbx using Guid(652e40a0bdd7f8042a17f933cdd49666) Importer(815301076,1909f56bfc062723c751e8b465ee728b)  -> (artifact id: '1163dc133d757308509640aff8a84e09') in 0.017612 seconds 
========================================================================
Received Import Request.
  Time since last request: 0.000111 seconds.
  path: Assets/UrsaAnimation/LOW POLY CUBIC - Goat and Sheep Pack/Animation/Goat&Sheep/GoatSheep_Trot_Forward.fbx
  artifactKey: Guid(766174185b42e074c8ee60be3a2feccd) Importer(815301076,1909f56bfc062723c751e8b465ee728b)
Start importing Assets/UrsaAnimation/LOW POLY CUBIC - Goat and Sheep Pack/Animation/Goat&Sheep/GoatSheep_Trot_Forward.fbx using Guid(766174185b42e074c8ee60be3a2feccd) Importer(815301076,1909f56bfc062723c751e8b465ee728b)  -> (artifact id: 'a68637770c171a02935ceb4e7952d048') in 0.015880 seconds 
========================================================================
Received Import Request.
  Time since last request: 0.000161 seconds.
  path: Assets/UrsaAnimation/LOW POLY CUBIC - Goat and Sheep Pack/Animation/Goat&Sheep/RootMotion/GoatSheep_Trot_Forward_RM.fbx
  artifactKey: Guid(15617d3e171881e4b8207a0c27ee8517) Importer(815301076,1909f56bfc062723c751e8b465ee728b)
Start importing Assets/UrsaAnimation/LOW POLY CUBIC - Goat and Sheep Pack/Animation/Goat&Sheep/RootMotion/GoatSheep_Trot_Forward_RM.fbx using Guid(15617d3e171881e4b8207a0c27ee8517) Importer(815301076,1909f56bfc062723c751e8b465ee728b)  -> (artifact id: '68e94afcb2a92b68020e7dfd22f1af9e') in 0.016344 seconds 
========================================================================
Received Import Request.
  Time since last request: 0.000145 seconds.
  path: Assets/UrsaAnimation/LOW POLY CUBIC - Goat and Sheep Pack/Animation/Goat&Sheep/GoatSheep_Stand_to_Sit.fbx
  artifactKey: Guid(c81ff0882f483e64885b11ca9bcdd1c2) Importer(815301076,1909f56bfc062723c751e8b465ee728b)
Start importing Assets/UrsaAnimation/LOW POLY CUBIC - Goat and Sheep Pack/Animation/Goat&Sheep/GoatSheep_Stand_to_Sit.fbx using Guid(c81ff0882f483e64885b11ca9bcdd1c2) Importer(815301076,1909f56bfc062723c751e8b465ee728b)  -> (artifact id: 'aafda306eee8e193507f031b8f6e1a8d') in 0.017058 seconds 
========================================================================
Received Import Request.
  Time since last request: 0.000125 seconds.
  path: Assets/UrsaAnimation/LOW POLY CUBIC - Goat and Sheep Pack/Animation/Goat&Sheep/RootMotion/GoatSheep_Walk_Backwards_RM.fbx
  artifactKey: Guid(dd9bc54cea4af434cb23e69b53cb197f) Importer(815301076,1909f56bfc062723c751e8b465ee728b)
Start importing Assets/UrsaAnimation/LOW POLY CUBIC - Goat and Sheep Pack/Animation/Goat&Sheep/RootMotion/GoatSheep_Walk_Backwards_RM.fbx using Guid(dd9bc54cea4af434cb23e69b53cb197f) Importer(815301076,1909f56bfc062723c751e8b465ee728b)  -> (artifact id: 'df79f395b40acaa6db67a12c5be57b64') in 0.016092 seconds 
========================================================================
Received Import Request.
  Time since last request: 0.000141 seconds.
  path: Assets/UrsaAnimation/LOW POLY CUBIC - Goat and Sheep Pack/Animation/Goat&Sheep/RootMotion/GoatSheep_Turn_90_R_RM.fbx
  artifactKey: Guid(7120212368df17b4e9cae9947a5b26de) Importer(815301076,1909f56bfc062723c751e8b465ee728b)
Start importing Assets/UrsaAnimation/LOW POLY CUBIC - Goat and Sheep Pack/Animation/Goat&Sheep/RootMotion/GoatSheep_Turn_90_R_RM.fbx using Guid(7120212368df17b4e9cae9947a5b26de) Importer(815301076,1909f56bfc062723c751e8b465ee728b)  -> (artifact id: '03246a0ae094fd47343381339a9f6f62') in 0.017323 seconds 
========================================================================
Received Import Request.
  Time since last request: 0.000117 seconds.
  path: Assets/UrsaAnimation/LOW POLY CUBIC - Goat and Sheep Pack/Animation/Goat&Sheep/RootMotion/GoatSheep_Turn_90_L_RM.fbx
  artifactKey: Guid(3e89f59f6f209494882f484ccfa4ab63) Importer(815301076,1909f56bfc062723c751e8b465ee728b)
Start importing Assets/UrsaAnimation/LOW POLY CUBIC - Goat and Sheep Pack/Animation/Goat&Sheep/RootMotion/GoatSheep_Turn_90_L_RM.fbx using Guid(3e89f59f6f209494882f484ccfa4ab63) Importer(815301076,1909f56bfc062723c751e8b465ee728b)  -> (artifact id: '2f84e1c95771efae221587dcef41d769') in 0.016575 seconds 
========================================================================
Received Import Request.
  Time since last request: 0.125060 seconds.
  path: Assets/UrsaAnimation/LOW POLY CUBIC - Goat and Sheep Pack/Animation/Goat&Sheep/GoatSheep_Walk_Backwards.fbx
  artifactKey: Guid(16b4f3c93da49f34ca1b7ec12c187c67) Importer(815301076,1909f56bfc062723c751e8b465ee728b)
Start importing Assets/UrsaAnimation/LOW POLY CUBIC - Goat and Sheep Pack/Animation/Goat&Sheep/GoatSheep_Walk_Backwards.fbx using Guid(16b4f3c93da49f34ca1b7ec12c187c67) Importer(815301076,1909f56bfc062723c751e8b465ee728b)  -> (artifact id: '468e0f370e4d7560c67a7d9789ab1d0a') in 0.015491 seconds 
========================================================================
Received Import Request.
  Time since last request: 0.000139 seconds.
  path: Assets/UrsaAnimation/LOW POLY CUBIC - Goat and Sheep Pack/Animation/Goat&Sheep/RootMotion/GoatSheep_Walk_Forward_RM.fbx
  artifactKey: Guid(6a18c3187843bd14691b835987ad355e) Importer(815301076,1909f56bfc062723c751e8b465ee728b)
Start importing Assets/UrsaAnimation/LOW POLY CUBIC - Goat and Sheep Pack/Animation/Goat&Sheep/RootMotion/GoatSheep_Walk_Forward_RM.fbx using Guid(6a18c3187843bd14691b835987ad355e) Importer(815301076,1909f56bfc062723c751e8b465ee728b)  -> (artifact id: '29c6373bc5de7d1f2f2d4cd091e95981') in 0.017501 seconds 
========================================================================
Received Import Request.
  Time since last request: 0.000138 seconds.
  path: Assets/UrsaAnimation/LOW POLY CUBIC - Goat and Sheep Pack/Animation/Goat&Sheep/GoatSheep_Walk_Forward.fbx
  artifactKey: Guid(4cbbc501de1c85143808523406bd895b) Importer(815301076,1909f56bfc062723c751e8b465ee728b)
Start importing Assets/UrsaAnimation/LOW POLY CUBIC - Goat and Sheep Pack/Animation/Goat&Sheep/GoatSheep_Walk_Forward.fbx using Guid(4cbbc501de1c85143808523406bd895b) Importer(815301076,1909f56bfc062723c751e8b465ee728b)  -> (artifact id: 'ecd6bd1b27a8b5ca37616b9bece4a166') in 0.017285 seconds 
========================================================================
Received Prepare
Registering precompiled user dll's ...
Registered in 0.004806 seconds.
Begin MonoManager ReloadAssembly
Native extension for WindowsStandalone target not found
Refreshing native plugins compatible for Editor in 0.56 ms, found 2 plugins.
Preloading 0 native plugins for Editor in 0.00 ms.
Mono: successfully reloaded assembly
- Completed reload, in  0.738 seconds
Domain Reload Profiling:
	ReloadAssembly (739ms)
		BeginReloadAssembly (100ms)
			ExecutionOrderSort (0ms)
			DisableScriptedObjects (5ms)
			BackupInstance (0ms)
			ReleaseScriptingObjects (0ms)
			CreateAndSetChildDomain (30ms)
		EndReloadAssembly (596ms)
			LoadAssemblies (80ms)
			RebuildTransferFunctionScriptingTraits (0ms)
			SetupTypeCache (193ms)
			ReleaseScriptCaches (1ms)
			RebuildScriptCaches (26ms)
			SetupLoadedEditorAssemblies (217ms)
				LogAssemblyErrors (0ms)
				InitializePlatformSupportModulesInManaged (3ms)
				SetLoadedEditorAssemblies (0ms)
				RefreshPlugins (1ms)
				BeforeProcessingInitializeOnLoad (62ms)
				ProcessInitializeOnLoadAttributes (136ms)
				ProcessInitializeOnLoadMethodAttributes (10ms)
				AfterProcessingInitializeOnLoad (4ms)
				EditorAssembliesLoaded (0ms)
			ExecutionOrderSort2 (0ms)
			AwakeInstancesAfterBackupRestoration (8ms)
Platform modules already initialized, skipping
Refreshing native plugins compatible for Editor in 0.56 ms, found 2 plugins.
Preloading 0 native plugins for Editor in 0.00 ms.
Unloading 2723 Unused Serialized files (Serialized files now loaded: 0)
System memory in use before: 212.4 MB.
System memory in use after: 212.6 MB.

Unloading 21 unused Assets to reduce memory usage. Loaded Objects now: 3346.
Total: 2.623300 ms (FindLiveObjects: 0.229600 ms CreateObjectMapping: 0.074700 ms MarkObjects: 2.253400 ms  DeleteObjects: 0.064700 ms)

AssetImportParameters requested are different than current active one (requested -> active):
  custom:framework-win-MediaFoundation: 216162199b28c13a410421893ffa2e32 -> 
  custom:video-decoder-ogg-theora: a1e56fd34408186e4bbccfd4996cb3dc -> 
  custom:container-muxer-webm: aa71ff27fc2769a1b78a27578f13a17b -> 
  custom:container-demuxer-webm: 4f35f7cbe854078d1ac9338744f61a02 -> 
  custom:container-demuxer-ogg: 62fdf1f143b41e24485cea50d1cbac27 -> 
  custom:video-encoder-webm-vp8: eb34c28f22e8b96e1ab97ce403110664 -> 
  custom:video-decoder-webm-vp8: 9c59270c3fd7afecdb556c50c9e8de78 -> 
  custom:audio-decoder-ogg-vorbis: bf7c407c2cedff20999df2af8eb42d56 -> 
  custom:audio-encoder-webm-vorbis: bf7c407c2cedff20999df2af8eb42d56 -> 
========================================================================
Received Import Request.
  Time since last request: 64.701211 seconds.
  path: Assets/Hunter/Animations/Movement/Baseball Idle.fbx
  artifactKey: Guid(e65a8c773d1e682478ecadf45c911a08) Importer(815301076,1909f56bfc062723c751e8b465ee728b)
Start importing Assets/Hunter/Animations/Movement/Baseball Idle.fbx using Guid(e65a8c773d1e682478ecadf45c911a08) Importer(815301076,1909f56bfc062723c751e8b465ee728b)  -> (artifact id: 'b3737402842af2b9b21b0021200d5910') in 0.190721 seconds 
========================================================================
Received Prepare
Registering precompiled user dll's ...
Registered in 0.004891 seconds.
Begin MonoManager ReloadAssembly
Native extension for WindowsStandalone target not found
Refreshing native plugins compatible for Editor in 0.57 ms, found 2 plugins.
Preloading 0 native plugins for Editor in 0.00 ms.
Mono: successfully reloaded assembly
- Completed reload, in  0.735 seconds
Domain Reload Profiling:
	ReloadAssembly (736ms)
		BeginReloadAssembly (92ms)
			ExecutionOrderSort (0ms)
			DisableScriptedObjects (5ms)
			BackupInstance (0ms)
			ReleaseScriptingObjects (0ms)
			CreateAndSetChildDomain (30ms)
		EndReloadAssembly (602ms)
			LoadAssemblies (74ms)
			RebuildTransferFunctionScriptingTraits (0ms)
			SetupTypeCache (192ms)
			ReleaseScriptCaches (1ms)
			RebuildScriptCaches (26ms)
			SetupLoadedEditorAssemblies (225ms)
				LogAssemblyErrors (0ms)
				InitializePlatformSupportModulesInManaged (3ms)
				SetLoadedEditorAssemblies (0ms)
				RefreshPlugins (1ms)
				BeforeProcessingInitializeOnLoad (71ms)
				ProcessInitializeOnLoadAttributes (135ms)
				ProcessInitializeOnLoadMethodAttributes (10ms)
				AfterProcessingInitializeOnLoad (5ms)
				EditorAssembliesLoaded (0ms)
			ExecutionOrderSort2 (0ms)
			AwakeInstancesAfterBackupRestoration (8ms)
Platform modules already initialized, skipping
Refreshing native plugins compatible for Editor in 0.57 ms, found 2 plugins.
Preloading 0 native plugins for Editor in 0.00 ms.
Unloading 2723 Unused Serialized files (Serialized files now loaded: 0)
System memory in use before: 212.6 MB.
System memory in use after: 212.8 MB.

Unloading 21 unused Assets to reduce memory usage. Loaded Objects now: 3385.
Total: 2.696200 ms (FindLiveObjects: 0.207300 ms CreateObjectMapping: 0.073600 ms MarkObjects: 2.349300 ms  DeleteObjects: 0.065300 ms)

AssetImportParameters requested are different than current active one (requested -> active):
  custom:framework-win-MediaFoundation: 216162199b28c13a410421893ffa2e32 -> 
  custom:video-decoder-ogg-theora: a1e56fd34408186e4bbccfd4996cb3dc -> 
  custom:container-muxer-webm: aa71ff27fc2769a1b78a27578f13a17b -> 
  custom:container-demuxer-webm: 4f35f7cbe854078d1ac9338744f61a02 -> 
  custom:container-demuxer-ogg: 62fdf1f143b41e24485cea50d1cbac27 -> 
  custom:video-encoder-webm-vp8: eb34c28f22e8b96e1ab97ce403110664 -> 
  custom:video-decoder-webm-vp8: 9c59270c3fd7afecdb556c50c9e8de78 -> 
  custom:audio-decoder-ogg-vorbis: bf7c407c2cedff20999df2af8eb42d56 -> 
  custom:audio-encoder-webm-vorbis: bf7c407c2cedff20999df2af8eb42d56 -> 
========================================================================
Received Prepare
Registering precompiled user dll's ...
Registered in 0.004577 seconds.
Begin MonoManager ReloadAssembly
Native extension for WindowsStandalone target not found
Refreshing native plugins compatible for Editor in 0.56 ms, found 2 plugins.
Preloading 0 native plugins for Editor in 0.00 ms.
Mono: successfully reloaded assembly
- Completed reload, in  0.728 seconds
Domain Reload Profiling:
	ReloadAssembly (728ms)
		BeginReloadAssembly (88ms)
			ExecutionOrderSort (0ms)
			DisableScriptedObjects (3ms)
			BackupInstance (0ms)
			ReleaseScriptingObjects (0ms)
			CreateAndSetChildDomain (27ms)
		EndReloadAssembly (597ms)
			LoadAssemblies (73ms)
			RebuildTransferFunctionScriptingTraits (0ms)
			SetupTypeCache (192ms)
			ReleaseScriptCaches (1ms)
			RebuildScriptCaches (26ms)
			SetupLoadedEditorAssemblies (226ms)
				LogAssemblyErrors (0ms)
				InitializePlatformSupportModulesInManaged (3ms)
				SetLoadedEditorAssemblies (0ms)
				RefreshPlugins (1ms)
				BeforeProcessingInitializeOnLoad (65ms)
				ProcessInitializeOnLoadAttributes (143ms)
				ProcessInitializeOnLoadMethodAttributes (10ms)
				AfterProcessingInitializeOnLoad (4ms)
				EditorAssembliesLoaded (0ms)
			ExecutionOrderSort2 (0ms)
			AwakeInstancesAfterBackupRestoration (8ms)
Platform modules already initialized, skipping
Refreshing native plugins compatible for Editor in 0.56 ms, found 2 plugins.
Preloading 0 native plugins for Editor in 0.00 ms.
Unloading 2723 Unused Serialized files (Serialized files now loaded: 0)
System memory in use before: 212.6 MB.
System memory in use after: 212.8 MB.

Unloading 21 unused Assets to reduce memory usage. Loaded Objects now: 3388.
Total: 3.186400 ms (FindLiveObjects: 0.214400 ms CreateObjectMapping: 0.114200 ms MarkObjects: 2.777600 ms  DeleteObjects: 0.079100 ms)

AssetImportParameters requested are different than current active one (requested -> active):
  custom:framework-win-MediaFoundation: 216162199b28c13a410421893ffa2e32 -> 
  custom:video-decoder-ogg-theora: a1e56fd34408186e4bbccfd4996cb3dc -> 
  custom:container-muxer-webm: aa71ff27fc2769a1b78a27578f13a17b -> 
  custom:container-demuxer-webm: 4f35f7cbe854078d1ac9338744f61a02 -> 
  custom:container-demuxer-ogg: 62fdf1f143b41e24485cea50d1cbac27 -> 
  custom:video-encoder-webm-vp8: eb34c28f22e8b96e1ab97ce403110664 -> 
  custom:video-decoder-webm-vp8: 9c59270c3fd7afecdb556c50c9e8de78 -> 
  custom:audio-decoder-ogg-vorbis: bf7c407c2cedff20999df2af8eb42d56 -> 
  custom:audio-encoder-webm-vorbis: bf7c407c2cedff20999df2af8eb42d56 -> 
AssetImportWorkerClient::OnTransportError - code=2 error=End of file
